1698432515.843949: 31155-7f6822a960c0: cdpl_log.c:228: in cdpl_log_open(): info: @@start_of_log@@
1698432515.843997: 31155-7f6822a960c0: cdpl_log.c:866: in cdpl_log_dump_sysinfo(): info: time: 2023/10/27 13:48:35 CDT -0500
1698432515.844002: 31155-7f6822a960c0: cdpl_log.c:868: in cdpl_log_dump_sysinfo(): info: version: T-2022.03 
1698432515.844004: 31155-7f6822a960c0: cdpl_log.c:870: in cdpl_log_dump_sysinfo(): info: system: Linux 3.10.0-1160.95.1.el7.x86_64 #1 SMP Fri Jun 23 08:44:55 EDT 2023
1698432515.844006: 31155-7f6822a960c0: cdpl_log.c:875: in cdpl_log_dump_sysinfo(): info: processor: x86_64 64-bits
1698432515.844008: 31155-7f6822a960c0: cdpl_log.c:879: in cdpl_log_dump_sysinfo(): info: hostname: engnx05a.utdallas.edu
1698432515.844010: 31155-7f6822a960c0: cdpl_log.c:230: in cdpl_log_open(): debug: path: /home/012/k/kt/ktd170030/cad/gf65/primelib_gf65/AOI22/runtime/cdpl/pid31155/master.1.engnx05a.utdallas.edu.31155.log
1698432515.844012: 31155-7f6822a960c0: cdpl_log.c:231: in cdpl_log_open(): debug: dir: /home/012/k/kt/ktd170030/cad/gf65/primelib_gf65/AOI22/runtime/cdpl/pid31155
1698432515.844020: 31155-7f6822a960c0: cdpl_log.c:758: in cdpl_log_set_filter(): info: filter level 1
1698432515.844026: 31155-7f6822a960c0: cdpl_server.c:543: in cdpl_sv_init(): info: new server S206077350
1698432515.844032: 31155-7f6822a960c0: cdpl_ipc.c:3030: in cdpl_ipc_init(): info: requesting IPv4 protocol
1698432515.844560: 31155-7f6822a960c0: cdpl_ipc.c:800: in _selectaddrfamily(): info: selected IPv4 protocol
1698432515.844846: 31155-7f6822a960c0: cdpl_server.c:657: in cdpl_sv_new_master(): info: new master M1
1698432515.844857: 31155-7f6822a960c0: cdpl_server.c:5494: in cdpl_sv_ctl_master(): info: Setting worker heartbeat to 60 seconds
1698432515.844859: 31155-7f6822a960c0: cdpl_server.c:5503: in cdpl_sv_ctl_master(): info: Setting worker heartbeat timeout to 3 heartbeats
1698432515.844862: 31155-7f6822a960c0: cdpl_compat_master.c:2407: in cdplInitMaster(): info: bcast dir is `/dev/null'
1698432515.844931: 31155-7f6822a960c0: cdpl_server.c:5394: in cdpl_sv_ctl_master(): info: farm worker timeout set to 36000
1698432515.844933: 31155-7f6822a960c0: cdpl_server.c:5410: in cdpl_sv_ctl_master(): info: grid worker timeout set to 36000
1698432515.844934: 31155-7f6822a960c0: cdpl_server.c:5438: in cdpl_sv_ctl_master(): info: farm submit command failure threshold set to 100
1698432515.844957: 31155-7f6822a960c0: cdpl_farm.c:2268: in cdpl_farm_new_sh(): info: creating SH farm on localhost
1698432515.844970: 31155-7f6822a960c0: cdpl_compat_master.c:207: in _set_farm_env(): info: exporting CDPL_LOGDIR as `/home/012/k/kt/ktd170030/cad/gf65/primelib_gf65/AOI22/runtime/cdpl/pid31155'
1698432515.844972: 31155-7f6822a960c0: cdpl_compat_master.c:213: in _set_farm_env(): info: exporting CDPL_TMPDIR as `/var/tmp'
1698432515.844974: 31155-7f6822a960c0: cdpl_compat_master.c:220: in _set_farm_env(): info: exporting CDPL_HOME as `/proj/cad/synopsys/synopsys_2021/primelib/T-2022.03-SP1/cdpl_runtime_linux64'
1698432515.844976: 31155-7f6822a960c0: cdpl_compat_master.c:227: in _set_farm_env(): info: exporting SNPSLMD_LICENSE_FILE as `1700@engdmv.utdallas.edu'
1698432515.844979: 31155-7f6822a960c0: cdpl_compat_master.c:247: in _set_farm_env(): info: exporting CDPL_OPTIONS as `[filter][nowlogs]'
1698432515.844981: 31155-7f6822a960c0: cdpl_compat_master.c:254: in _set_farm_env(): info: exporting DISPLAY as `:1016'
1698432515.844982: 31155-7f6822a960c0: cdpl_compat_master.c:262: in _set_farm_env(): info: exporting CDPL_HEARTBEAT as `60'
1698432515.844986: 31155-7f6822a960c0: cdpl_compat_master.c:348: in _set_farm_env(): info: exporting SIS_MALIBU as `2'
1698432515.844988: 31155-7f6822a960c0: cdpl_compat_master.c:348: in _set_farm_env(): info: exporting SIS_CDPL as `5'
1698432515.896195: 31155-7f6822a960c0: cdpl_server.c:738: in cdpl_sv_new_job(): info: new job J1 in M1
1698432515.896221: 31155-7f6822a960c0: cdpl_compat_master.c:1314: in _add_worker(): info: new worker type 100, min:1, max:1, cmd:`/home/012/k/kt/ktd170030/cad/gf65/primelib_gf65/AOI22/runtime/cdpl/pid31155/run_31155.sh'
1698432515.896232: 31155-7f6822a960c0: cdpl_server.c:900: in cdpl_sv_new_bin_withfarm(): info: new bin B1 in J1
1698432515.901161: 31155-7f6822a960c0: cdpl_server.c:3116: in cdpl_sv_start_job(): info: starting job J1
1698432515.909822: 31155-7f6822a960c0: cdpl_server.c:1824: in _sv_gen_task(): info: new task T0 in B1 (prio 3)
1698432515.909830: 31155-7f6822a960c0: cdpl_server.c:2558: in cdpl_sv_label_task_va(): info: setting task T0 label to "leakage_power__ACQ_1 of AOI22"
1698432515.909879: 31155-7f6822a960c0: cdpl_server.c:1824: in _sv_gen_task(): info: new task T1 in B1 (prio 5)
1698432515.909957: 31155-7f6809f9b700: cdpl_server_sched.c:700: in _sv_launch_worker(): info: started worker W1 (as C1) in bin B1
1698432515.909992: 31155-7f680a79c700: cdpl_farm.c:1899: in _schedule(): info: worker submit failure threshold set to 100
1698432515.910007: 31155-7f6822a960c0: cdpl_server.c:2558: in cdpl_sv_label_task_va(): info: setting task T1 label to "Cin__VSS__hl__ACQ_1 of AOI22"
1698432515.910018: 31155-7f680a79c700: cdpl_sh.c:49: in _sh_detached_submit(): info: SH : /home/012/k/kt/ktd170030/cad/gf65/primelib_gf65/AOI22/runtime/cdpl/pid31155/run_31155.sh
1698432515.912003: 31155-7f6822a960c0: cdpl_server.c:1824: in _sv_gen_task(): info: new task T2 in B1 (prio 5)
1698432515.912025: 31155-7f6822a960c0: cdpl_server.c:2558: in cdpl_sv_label_task_va(): info: setting task T2 label to "Cin__VSS__lh__ACQ_1 of AOI22"
1698432515.912890: 31155-7f6822a960c0: cdpl_server.c:1824: in _sv_gen_task(): info: new task T3 in B1 (prio 2)
1698432515.912896: 31155-7f6822a960c0: cdpl_server.c:2558: in cdpl_sv_label_task_va(): info: setting task T3 label to "delay__A__hl__OUT__lh__ACQ_1 of AOI22"
1698432515.913003: 31155-7f6822a960c0: cdpl_server.c:1824: in _sv_gen_task(): info: new task T4 in B1 (prio 2)
1698432515.913007: 31155-7f6822a960c0: cdpl_server.c:2558: in cdpl_sv_label_task_va(): info: setting task T4 label to "delay__A__lh__OUT__hl__ACQ_1 of AOI22"
1698432515.913114: 31155-7f6822a960c0: cdpl_server.c:1824: in _sv_gen_task(): info: new task T5 in B1 (prio 2)
1698432515.913116: 31155-7f6822a960c0: cdpl_server.c:2558: in cdpl_sv_label_task_va(): info: setting task T5 label to "delay__B__hl__OUT__lh__ACQ_1 of AOI22"
1698432515.913177: 31155-7f6822a960c0: cdpl_server.c:1824: in _sv_gen_task(): info: new task T6 in B1 (prio 2)
1698432515.913180: 31155-7f6822a960c0: cdpl_server.c:2558: in cdpl_sv_label_task_va(): info: setting task T6 label to "delay__B__lh__OUT__hl__ACQ_1 of AOI22"
1698432515.913215: 31155-7f6822a960c0: cdpl_server.c:1824: in _sv_gen_task(): info: new task T7 in B1 (prio 2)
1698432515.913217: 31155-7f6822a960c0: cdpl_server.c:2558: in cdpl_sv_label_task_va(): info: setting task T7 label to "delay__C__hl__OUT__lh__ACQ_1 of AOI22"
1698432515.913254: 31155-7f6822a960c0: cdpl_server.c:1824: in _sv_gen_task(): info: new task T8 in B1 (prio 2)
1698432515.913257: 31155-7f6822a960c0: cdpl_server.c:2558: in cdpl_sv_label_task_va(): info: setting task T8 label to "delay__C__lh__OUT__hl__ACQ_1 of AOI22"
1698432515.913318: 31155-7f6822a960c0: cdpl_server.c:1824: in _sv_gen_task(): info: new task T9 in B1 (prio 2)
1698432515.913321: 31155-7f6822a960c0: cdpl_server.c:2558: in cdpl_sv_label_task_va(): info: setting task T9 label to "delay__D__hl__OUT__lh__ACQ_1 of AOI22"
1698432515.913375: 31155-7f6822a960c0: cdpl_server.c:1824: in _sv_gen_task(): info: new task T10 in B1 (prio 2)
1698432515.913378: 31155-7f6822a960c0: cdpl_server.c:2558: in cdpl_sv_label_task_va(): info: setting task T10 label to "delay__D__lh__OUT__hl__ACQ_1 of AOI22"
1698432515.913423: 31155-7f6822a960c0: cdpl_server.c:1824: in _sv_gen_task(): info: new task T11 in B1 (prio 5)
1698432515.913425: 31155-7f6822a960c0: cdpl_server.c:2558: in cdpl_sv_label_task_va(): info: setting task T11 label to "Cin__VDD__hl__ACQ_1 of AOI22"
1698432515.913469: 31155-7f6822a960c0: cdpl_server.c:1824: in _sv_gen_task(): info: new task T12 in B1 (prio 5)
1698432515.913472: 31155-7f6822a960c0: cdpl_server.c:2558: in cdpl_sv_label_task_va(): info: setting task T12 label to "Cin__VDD__lh__ACQ_1 of AOI22"
1698432516.672521: 31155-7f680af9d700: cdpl_server_ipc.c:452: in _sv_on_hello(): info: W1 is `10.182.66.70:58240'
1698432516.672547: 31155-7f680af9d700: cdpl_server_ipc.c:454: in _sv_on_hello(): info: W1 log file is /dev/null
1698432516.672557: 31155-7f680af9d700: cdpl_server_ipc.c:481: in _sv_on_hello(): info: up to 1 alive workers in B1
1698432516.672574: 31155-7f6809f9b700: cdpl_server_sched.c:955: in _assign(): info: assigning task T3 to worker W1
1698432524.417411: 31155-7f680af9d700: cdpl_server_ipc.c:857: in _sv_on_finish(): info: worker W1 completed task T3
1698432524.417697: 31155-7f6809f9b700: cdpl_server_sched.c:955: in _assign(): info: assigning task T4 to worker W1
1698432531.600663: 31155-7f680af9d700: cdpl_server_ipc.c:857: in _sv_on_finish(): info: worker W1 completed task T4
1698432531.600949: 31155-7f6809f9b700: cdpl_server_sched.c:955: in _assign(): info: assigning task T5 to worker W1
1698432538.628669: 31155-7f680af9d700: cdpl_server_ipc.c:857: in _sv_on_finish(): info: worker W1 completed task T5
1698432538.628936: 31155-7f6809f9b700: cdpl_server_sched.c:955: in _assign(): info: assigning task T6 to worker W1
1698432545.654337: 31155-7f680af9d700: cdpl_server_ipc.c:857: in _sv_on_finish(): info: worker W1 completed task T6
1698432545.654369: 31155-7f6809f9b700: cdpl_server_sched.c:955: in _assign(): info: assigning task T7 to worker W1
1698432552.670113: 31155-7f680af9d700: cdpl_server_ipc.c:857: in _sv_on_finish(): info: worker W1 completed task T7
1698432552.670575: 31155-7f6809f9b700: cdpl_server_sched.c:955: in _assign(): info: assigning task T8 to worker W1
1698432559.785751: 31155-7f680af9d700: cdpl_server_ipc.c:857: in _sv_on_finish(): info: worker W1 completed task T8
1698432559.785989: 31155-7f6809f9b700: cdpl_server_sched.c:955: in _assign(): info: assigning task T9 to worker W1
1698432566.910378: 31155-7f680af9d700: cdpl_server_ipc.c:857: in _sv_on_finish(): info: worker W1 completed task T9
1698432566.914216: 31155-7f6809f9b700: cdpl_server_sched.c:955: in _assign(): info: assigning task T10 to worker W1
1698432574.053920: 31155-7f680af9d700: cdpl_server_ipc.c:857: in _sv_on_finish(): info: worker W1 completed task T10
1698432574.053966: 31155-7f6809f9b700: cdpl_server_sched.c:955: in _assign(): info: assigning task T0 to worker W1
1698432580.988780: 31155-7f680af9d700: cdpl_server_ipc.c:857: in _sv_on_finish(): info: worker W1 completed task T0
1698432580.989016: 31155-7f6809f9b700: cdpl_server_sched.c:955: in _assign(): info: assigning task T1 to worker W1
1698432587.860543: 31155-7f680af9d700: cdpl_server_ipc.c:857: in _sv_on_finish(): info: worker W1 completed task T1
1698432587.860593: 31155-7f6809f9b700: cdpl_server_sched.c:955: in _assign(): info: assigning task T2 to worker W1
1698432594.688881: 31155-7f680af9d700: cdpl_server_ipc.c:857: in _sv_on_finish(): info: worker W1 completed task T2
1698432594.689138: 31155-7f6809f9b700: cdpl_server_sched.c:955: in _assign(): info: assigning task T11 to worker W1
1698432601.682407: 31155-7f680af9d700: cdpl_server_ipc.c:857: in _sv_on_finish(): info: worker W1 completed task T11
1698432601.682865: 31155-7f6809f9b700: cdpl_server_sched.c:955: in _assign(): info: assigning task T12 to worker W1
1698432608.851099: 31155-7f680af9d700: cdpl_server_ipc.c:857: in _sv_on_finish(): info: worker W1 completed task T12
1698433039.178319: 31155-7f6822a960c0: cdpl_server.c:1824: in _sv_gen_task(): info: new task T13 in B1 (prio 2)
1698433039.178332: 31155-7f6822a960c0: cdpl_server.c:2558: in cdpl_sv_label_task_va(): info: setting task T13 label to "delay__B__lh__OUT__hl__ACQ_1 of OAI21"
1698433039.178369: 31155-7f6809f9b700: cdpl_server_sched.c:955: in _assign(): info: assigning task T13 to worker W1
1698433039.178394: 31155-7f6822a960c0: cdpl_server.c:1824: in _sv_gen_task(): info: new task T14 in B1 (prio 2)
1698433039.178415: 31155-7f6822a960c0: cdpl_server.c:2558: in cdpl_sv_label_task_va(): info: setting task T14 label to "delay__B__hl__OUT__lh__ACQ_1 of OAI21"
1698433039.178442: 31155-7f6822a960c0: cdpl_server.c:1824: in _sv_gen_task(): info: new task T15 in B1 (prio 3)
1698433039.178447: 31155-7f6822a960c0: cdpl_server.c:2558: in cdpl_sv_label_task_va(): info: setting task T15 label to "leakage_power__ACQ_1 of OAI21"
1698433039.178470: 31155-7f6822a960c0: cdpl_server.c:1824: in _sv_gen_task(): info: new task T16 in B1 (prio 2)
1698433039.178473: 31155-7f6822a960c0: cdpl_server.c:2558: in cdpl_sv_label_task_va(): info: setting task T16 label to "delay__C__lh__OUT__hl__ACQ_1 of OAI21"
1698433039.178494: 31155-7f6822a960c0: cdpl_server.c:1824: in _sv_gen_task(): info: new task T17 in B1 (prio 2)
1698433039.178500: 31155-7f6822a960c0: cdpl_server.c:2558: in cdpl_sv_label_task_va(): info: setting task T17 label to "delay__C__hl__OUT__lh__ACQ_1 of OAI21"
1698433039.178541: 31155-7f6822a960c0: cdpl_server.c:1824: in _sv_gen_task(): info: new task T18 in B1 (prio 5)
1698433039.178544: 31155-7f6822a960c0: cdpl_server.c:2558: in cdpl_sv_label_task_va(): info: setting task T18 label to "Cin__VSS__lh__ACQ_1 of OAI21"
1698433039.178569: 31155-7f6822a960c0: cdpl_server.c:1824: in _sv_gen_task(): info: new task T19 in B1 (prio 5)
1698433039.178571: 31155-7f6822a960c0: cdpl_server.c:2558: in cdpl_sv_label_task_va(): info: setting task T19 label to "Cin__VSS__hl__ACQ_1 of OAI21"
1698433039.178595: 31155-7f6822a960c0: cdpl_server.c:1824: in _sv_gen_task(): info: new task T20 in B1 (prio 2)
1698433039.178598: 31155-7f6822a960c0: cdpl_server.c:2558: in cdpl_sv_label_task_va(): info: setting task T20 label to "delay__A__lh__OUT__hl__ACQ_1 of OAI21"
1698433039.178624: 31155-7f6822a960c0: cdpl_server.c:1824: in _sv_gen_task(): info: new task T21 in B1 (prio 2)
1698433039.178626: 31155-7f6822a960c0: cdpl_server.c:2558: in cdpl_sv_label_task_va(): info: setting task T21 label to "delay__A__hl__OUT__lh__ACQ_1 of OAI21"
1698433039.178650: 31155-7f6822a960c0: cdpl_server.c:1824: in _sv_gen_task(): info: new task T22 in B1 (prio 5)
1698433039.178653: 31155-7f6822a960c0: cdpl_server.c:2558: in cdpl_sv_label_task_va(): info: setting task T22 label to "Cin__VDD__lh__ACQ_1 of OAI21"
1698433039.178676: 31155-7f6822a960c0: cdpl_server.c:1824: in _sv_gen_task(): info: new task T23 in B1 (prio 5)
1698433039.178678: 31155-7f6822a960c0: cdpl_server.c:2558: in cdpl_sv_label_task_va(): info: setting task T23 label to "Cin__VDD__hl__ACQ_1 of OAI21"
1698433046.486226: 31155-7f680af9d700: cdpl_server_ipc.c:857: in _sv_on_finish(): info: worker W1 completed task T13
1698433046.486489: 31155-7f6809f9b700: cdpl_server_sched.c:955: in _assign(): info: assigning task T14 to worker W1
1698433053.516311: 31155-7f680af9d700: cdpl_server_ipc.c:857: in _sv_on_finish(): info: worker W1 completed task T14
1698433053.516560: 31155-7f6809f9b700: cdpl_server_sched.c:955: in _assign(): info: assigning task T16 to worker W1
1698433060.735144: 31155-7f680af9d700: cdpl_server_ipc.c:857: in _sv_on_finish(): info: worker W1 completed task T16
1698433060.735187: 31155-7f6809f9b700: cdpl_server_sched.c:955: in _assign(): info: assigning task T17 to worker W1
1698433067.692555: 31155-7f680af9d700: cdpl_server_ipc.c:857: in _sv_on_finish(): info: worker W1 completed task T17
1698433067.692796: 31155-7f6809f9b700: cdpl_server_sched.c:955: in _assign(): info: assigning task T20 to worker W1
1698433074.860601: 31155-7f680af9d700: cdpl_server_ipc.c:857: in _sv_on_finish(): info: worker W1 completed task T20
1698433074.860657: 31155-7f6809f9b700: cdpl_server_sched.c:955: in _assign(): info: assigning task T21 to worker W1
1698433081.900030: 31155-7f680af9d700: cdpl_server_ipc.c:857: in _sv_on_finish(): info: worker W1 completed task T21
1698433081.900283: 31155-7f6809f9b700: cdpl_server_sched.c:955: in _assign(): info: assigning task T15 to worker W1
1698433088.692135: 31155-7f680af9d700: cdpl_server_ipc.c:857: in _sv_on_finish(): info: worker W1 completed task T15
1698433088.692562: 31155-7f6809f9b700: cdpl_server_sched.c:955: in _assign(): info: assigning task T18 to worker W1
1698433095.636619: 31155-7f680af9d700: cdpl_server_ipc.c:857: in _sv_on_finish(): info: worker W1 completed task T18
1698433095.636668: 31155-7f6809f9b700: cdpl_server_sched.c:955: in _assign(): info: assigning task T19 to worker W1
1698433102.636015: 31155-7f680af9d700: cdpl_server_ipc.c:857: in _sv_on_finish(): info: worker W1 completed task T19
1698433102.636274: 31155-7f6809f9b700: cdpl_server_sched.c:955: in _assign(): info: assigning task T22 to worker W1
1698433109.731357: 31155-7f680af9d700: cdpl_server_ipc.c:857: in _sv_on_finish(): info: worker W1 completed task T22
1698433109.731411: 31155-7f6809f9b700: cdpl_server_sched.c:955: in _assign(): info: assigning task T23 to worker W1
1698433116.697208: 31155-7f680af9d700: cdpl_server_ipc.c:857: in _sv_on_finish(): info: worker W1 completed task T23
1698433392.020940: 31155-7f6822a960c0: cdpl_server.c:1824: in _sv_gen_task(): info: new task T24 in B1 (prio 2)
1698433392.020953: 31155-7f6822a960c0: cdpl_server.c:2558: in cdpl_sv_label_task_va(): info: setting task T24 label to "delay__B__lh__OUT__hl__ACQ_1 of nor2"
1698433392.020988: 31155-7f6822a960c0: cdpl_server.c:1824: in _sv_gen_task(): info: new task T25 in B1 (prio 2)
1698433392.021000: 31155-7f6809f9b700: cdpl_server_sched.c:955: in _assign(): info: assigning task T24 to worker W1
1698433392.021048: 31155-7f6822a960c0: cdpl_server.c:2558: in cdpl_sv_label_task_va(): info: setting task T25 label to "delay__B__hl__OUT__lh__ACQ_1 of nor2"
1698433392.021077: 31155-7f6822a960c0: cdpl_server.c:1824: in _sv_gen_task(): info: new task T26 in B1 (prio 3)
1698433392.021080: 31155-7f6822a960c0: cdpl_server.c:2558: in cdpl_sv_label_task_va(): info: setting task T26 label to "leakage_power__ACQ_1 of nor2"
1698433392.021101: 31155-7f6822a960c0: cdpl_server.c:1824: in _sv_gen_task(): info: new task T27 in B1 (prio 5)
1698433392.021103: 31155-7f6822a960c0: cdpl_server.c:2558: in cdpl_sv_label_task_va(): info: setting task T27 label to "Cin__VSS__lh__ACQ_1 of nor2"
1698433392.021123: 31155-7f6822a960c0: cdpl_server.c:1824: in _sv_gen_task(): info: new task T28 in B1 (prio 5)
1698433392.021126: 31155-7f6822a960c0: cdpl_server.c:2558: in cdpl_sv_label_task_va(): info: setting task T28 label to "Cin__VSS__hl__ACQ_1 of nor2"
1698433392.021147: 31155-7f6822a960c0: cdpl_server.c:1824: in _sv_gen_task(): info: new task T29 in B1 (prio 2)
1698433392.021149: 31155-7f6822a960c0: cdpl_server.c:2558: in cdpl_sv_label_task_va(): info: setting task T29 label to "delay__A__lh__OUT__hl__ACQ_1 of nor2"
1698433392.021169: 31155-7f6822a960c0: cdpl_server.c:1824: in _sv_gen_task(): info: new task T30 in B1 (prio 2)
1698433392.021172: 31155-7f6822a960c0: cdpl_server.c:2558: in cdpl_sv_label_task_va(): info: setting task T30 label to "delay__A__hl__OUT__lh__ACQ_1 of nor2"
1698433392.021191: 31155-7f6822a960c0: cdpl_server.c:1824: in _sv_gen_task(): info: new task T31 in B1 (prio 5)
1698433392.021194: 31155-7f6822a960c0: cdpl_server.c:2558: in cdpl_sv_label_task_va(): info: setting task T31 label to "Cin__VDD__lh__ACQ_1 of nor2"
1698433392.021213: 31155-7f6822a960c0: cdpl_server.c:1824: in _sv_gen_task(): info: new task T32 in B1 (prio 5)
1698433392.021215: 31155-7f6822a960c0: cdpl_server.c:2558: in cdpl_sv_label_task_va(): info: setting task T32 label to "Cin__VDD__hl__ACQ_1 of nor2"
1698433399.405297: 31155-7f680af9d700: cdpl_server_ipc.c:857: in _sv_on_finish(): info: worker W1 completed task T24
1698433399.405575: 31155-7f6809f9b700: cdpl_server_sched.c:955: in _assign(): info: assigning task T25 to worker W1
1698433406.516119: 31155-7f680af9d700: cdpl_server_ipc.c:857: in _sv_on_finish(): info: worker W1 completed task T25
1698433406.516152: 31155-7f6809f9b700: cdpl_server_sched.c:955: in _assign(): info: assigning task T29 to worker W1
1698433413.612316: 31155-7f680af9d700: cdpl_server_ipc.c:857: in _sv_on_finish(): info: worker W1 completed task T29
1698433413.612532: 31155-7f6809f9b700: cdpl_server_sched.c:955: in _assign(): info: assigning task T30 to worker W1
1698433420.642023: 31155-7f680af9d700: cdpl_server_ipc.c:857: in _sv_on_finish(): info: worker W1 completed task T30
1698433420.642277: 31155-7f6809f9b700: cdpl_server_sched.c:955: in _assign(): info: assigning task T26 to worker W1
1698433427.581257: 31155-7f680af9d700: cdpl_server_ipc.c:857: in _sv_on_finish(): info: worker W1 completed task T26
1698433427.581298: 31155-7f6809f9b700: cdpl_server_sched.c:955: in _assign(): info: assigning task T27 to worker W1
1698433434.494734: 31155-7f680af9d700: cdpl_server_ipc.c:857: in _sv_on_finish(): info: worker W1 completed task T27
1698433434.494777: 31155-7f6809f9b700: cdpl_server_sched.c:955: in _assign(): info: assigning task T28 to worker W1
1698433441.502698: 31155-7f680af9d700: cdpl_server_ipc.c:857: in _sv_on_finish(): info: worker W1 completed task T28
1698433441.503033: 31155-7f6809f9b700: cdpl_server_sched.c:955: in _assign(): info: assigning task T31 to worker W1
1698433448.264131: 31155-7f680af9d700: cdpl_server_ipc.c:857: in _sv_on_finish(): info: worker W1 completed task T31
1698433448.264361: 31155-7f6809f9b700: cdpl_server_sched.c:955: in _assign(): info: assigning task T32 to worker W1
1698433455.204570: 31155-7f680af9d700: cdpl_server_ipc.c:857: in _sv_on_finish(): info: worker W1 completed task T32
1698433543.015901: 31155-7f6822a960c0: cdpl_server.c:1824: in _sv_gen_task(): info: new task T33 in B1 (prio 2)
1698433543.015926: 31155-7f6822a960c0: cdpl_server.c:2558: in cdpl_sv_label_task_va(): info: setting task T33 label to "delay__B__lh__OUT__hl__ACQ_1 of OAI21"
1698433543.015970: 31155-7f6809f9b700: cdpl_server_sched.c:955: in _assign(): info: assigning task T33 to worker W1
1698433543.016006: 31155-7f6822a960c0: cdpl_server.c:1824: in _sv_gen_task(): info: new task T34 in B1 (prio 2)
1698433543.016024: 31155-7f6822a960c0: cdpl_server.c:2558: in cdpl_sv_label_task_va(): info: setting task T34 label to "delay__B__hl__OUT__lh__ACQ_1 of OAI21"
1698433543.016084: 31155-7f6822a960c0: cdpl_server.c:1824: in _sv_gen_task(): info: new task T35 in B1 (prio 3)
1698433543.016088: 31155-7f6822a960c0: cdpl_server.c:2558: in cdpl_sv_label_task_va(): info: setting task T35 label to "leakage_power__ACQ_1 of OAI21"
1698433543.016119: 31155-7f6822a960c0: cdpl_server.c:1824: in _sv_gen_task(): info: new task T36 in B1 (prio 2)
1698433543.016123: 31155-7f6822a960c0: cdpl_server.c:2558: in cdpl_sv_label_task_va(): info: setting task T36 label to "delay__C__lh__OUT__hl__ACQ_1 of OAI21"
1698433543.016151: 31155-7f6822a960c0: cdpl_server.c:1824: in _sv_gen_task(): info: new task T37 in B1 (prio 2)
1698433543.016154: 31155-7f6822a960c0: cdpl_server.c:2558: in cdpl_sv_label_task_va(): info: setting task T37 label to "delay__C__hl__OUT__lh__ACQ_1 of OAI21"
1698433543.016206: 31155-7f6822a960c0: cdpl_server.c:1824: in _sv_gen_task(): info: new task T38 in B1 (prio 5)
1698433543.016210: 31155-7f6822a960c0: cdpl_server.c:2558: in cdpl_sv_label_task_va(): info: setting task T38 label to "Cin__VSS__lh__ACQ_1 of OAI21"
1698433543.016239: 31155-7f6822a960c0: cdpl_server.c:1824: in _sv_gen_task(): info: new task T39 in B1 (prio 5)
1698433543.016242: 31155-7f6822a960c0: cdpl_server.c:2558: in cdpl_sv_label_task_va(): info: setting task T39 label to "Cin__VSS__hl__ACQ_1 of OAI21"
1698433543.016271: 31155-7f6822a960c0: cdpl_server.c:1824: in _sv_gen_task(): info: new task T40 in B1 (prio 2)
1698433543.016275: 31155-7f6822a960c0: cdpl_server.c:2558: in cdpl_sv_label_task_va(): info: setting task T40 label to "delay__A__lh__OUT__hl__ACQ_1 of OAI21"
1698433543.016303: 31155-7f6822a960c0: cdpl_server.c:1824: in _sv_gen_task(): info: new task T41 in B1 (prio 2)
1698433543.016306: 31155-7f6822a960c0: cdpl_server.c:2558: in cdpl_sv_label_task_va(): info: setting task T41 label to "delay__A__hl__OUT__lh__ACQ_1 of OAI21"
1698433543.016333: 31155-7f6822a960c0: cdpl_server.c:1824: in _sv_gen_task(): info: new task T42 in B1 (prio 5)
1698433543.016336: 31155-7f6822a960c0: cdpl_server.c:2558: in cdpl_sv_label_task_va(): info: setting task T42 label to "Cin__VDD__lh__ACQ_1 of OAI21"
1698433543.016362: 31155-7f6822a960c0: cdpl_server.c:1824: in _sv_gen_task(): info: new task T43 in B1 (prio 5)
1698433543.016365: 31155-7f6822a960c0: cdpl_server.c:2558: in cdpl_sv_label_task_va(): info: setting task T43 label to "Cin__VDD__hl__ACQ_1 of OAI21"
1698433550.386764: 31155-7f680af9d700: cdpl_server_ipc.c:857: in _sv_on_finish(): info: worker W1 completed task T33
1698433550.387178: 31155-7f6809f9b700: cdpl_server_sched.c:955: in _assign(): info: assigning task T34 to worker W1
1698433557.386445: 31155-7f680af9d700: cdpl_server_ipc.c:857: in _sv_on_finish(): info: worker W1 completed task T34
1698433557.386790: 31155-7f6809f9b700: cdpl_server_sched.c:955: in _assign(): info: assigning task T36 to worker W1
1698433564.421201: 31155-7f680af9d700: cdpl_server_ipc.c:857: in _sv_on_finish(): info: worker W1 completed task T36
1698433564.421444: 31155-7f6809f9b700: cdpl_server_sched.c:955: in _assign(): info: assigning task T37 to worker W1
1698433571.495645: 31155-7f680af9d700: cdpl_server_ipc.c:857: in _sv_on_finish(): info: worker W1 completed task T37
1698433571.495682: 31155-7f6809f9b700: cdpl_server_sched.c:955: in _assign(): info: assigning task T40 to worker W1
1698433578.629619: 31155-7f680af9d700: cdpl_server_ipc.c:857: in _sv_on_finish(): info: worker W1 completed task T40
1698433578.629882: 31155-7f6809f9b700: cdpl_server_sched.c:955: in _assign(): info: assigning task T41 to worker W1
1698433585.816711: 31155-7f680af9d700: cdpl_server_ipc.c:857: in _sv_on_finish(): info: worker W1 completed task T41
1698433585.816746: 31155-7f6809f9b700: cdpl_server_sched.c:955: in _assign(): info: assigning task T35 to worker W1
1698433592.739148: 31155-7f680af9d700: cdpl_server_ipc.c:857: in _sv_on_finish(): info: worker W1 completed task T35
1698433592.739388: 31155-7f6809f9b700: cdpl_server_sched.c:955: in _assign(): info: assigning task T38 to worker W1
1698433599.677543: 31155-7f680af9d700: cdpl_server_ipc.c:857: in _sv_on_finish(): info: worker W1 completed task T38
1698433599.677607: 31155-7f6809f9b700: cdpl_server_sched.c:955: in _assign(): info: assigning task T39 to worker W1
1698433606.521227: 31155-7f680af9d700: cdpl_server_ipc.c:857: in _sv_on_finish(): info: worker W1 completed task T39
1698433606.521487: 31155-7f6809f9b700: cdpl_server_sched.c:955: in _assign(): info: assigning task T42 to worker W1
1698433613.582463: 31155-7f680af9d700: cdpl_server_ipc.c:857: in _sv_on_finish(): info: worker W1 completed task T42
1698433613.582693: 31155-7f6809f9b700: cdpl_server_sched.c:955: in _assign(): info: assigning task T43 to worker W1
1698433620.472338: 31155-7f680af9d700: cdpl_server_ipc.c:857: in _sv_on_finish(): info: worker W1 completed task T43
1698433709.819112: 31155-7f6822a960c0: cdpl_server.c:1824: in _sv_gen_task(): info: new task T44 in B1 (prio 2)
1698433709.819127: 31155-7f6822a960c0: cdpl_server.c:2558: in cdpl_sv_label_task_va(): info: setting task T44 label to "delay__B__lh__OUT__hl__ACQ_1 of nor2"
1698433709.819155: 31155-7f6809f9b700: cdpl_server_sched.c:955: in _assign(): info: assigning task T44 to worker W1
1698433709.819181: 31155-7f6822a960c0: cdpl_server.c:1824: in _sv_gen_task(): info: new task T45 in B1 (prio 2)
1698433709.819198: 31155-7f6822a960c0: cdpl_server.c:2558: in cdpl_sv_label_task_va(): info: setting task T45 label to "delay__B__hl__OUT__lh__ACQ_1 of nor2"
1698433709.819228: 31155-7f6822a960c0: cdpl_server.c:1824: in _sv_gen_task(): info: new task T46 in B1 (prio 3)
1698433709.819231: 31155-7f6822a960c0: cdpl_server.c:2558: in cdpl_sv_label_task_va(): info: setting task T46 label to "leakage_power__ACQ_1 of nor2"
1698433709.819254: 31155-7f6822a960c0: cdpl_server.c:1824: in _sv_gen_task(): info: new task T47 in B1 (prio 5)
1698433709.819256: 31155-7f6822a960c0: cdpl_server.c:2558: in cdpl_sv_label_task_va(): info: setting task T47 label to "Cin__VSS__lh__ACQ_1 of nor2"
1698433709.819276: 31155-7f6822a960c0: cdpl_server.c:1824: in _sv_gen_task(): info: new task T48 in B1 (prio 5)
1698433709.819279: 31155-7f6822a960c0: cdpl_server.c:2558: in cdpl_sv_label_task_va(): info: setting task T48 label to "Cin__VSS__hl__ACQ_1 of nor2"
1698433709.819299: 31155-7f6822a960c0: cdpl_server.c:1824: in _sv_gen_task(): info: new task T49 in B1 (prio 2)
1698433709.819302: 31155-7f6822a960c0: cdpl_server.c:2558: in cdpl_sv_label_task_va(): info: setting task T49 label to "delay__A__lh__OUT__hl__ACQ_1 of nor2"
1698433709.819325: 31155-7f6822a960c0: cdpl_server.c:1824: in _sv_gen_task(): info: new task T50 in B1 (prio 2)
1698433709.819328: 31155-7f6822a960c0: cdpl_server.c:2558: in cdpl_sv_label_task_va(): info: setting task T50 label to "delay__A__hl__OUT__lh__ACQ_1 of nor2"
1698433709.819347: 31155-7f6822a960c0: cdpl_server.c:1824: in _sv_gen_task(): info: new task T51 in B1 (prio 5)
1698433709.819350: 31155-7f6822a960c0: cdpl_server.c:2558: in cdpl_sv_label_task_va(): info: setting task T51 label to "Cin__VDD__lh__ACQ_1 of nor2"
1698433709.819369: 31155-7f6822a960c0: cdpl_server.c:1824: in _sv_gen_task(): info: new task T52 in B1 (prio 5)
1698433709.819371: 31155-7f6822a960c0: cdpl_server.c:2558: in cdpl_sv_label_task_va(): info: setting task T52 label to "Cin__VDD__hl__ACQ_1 of nor2"
1698433717.058135: 31155-7f680af9d700: cdpl_server_ipc.c:857: in _sv_on_finish(): info: worker W1 completed task T44
1698433717.058396: 31155-7f6809f9b700: cdpl_server_sched.c:955: in _assign(): info: assigning task T45 to worker W1
1698433724.158843: 31155-7f680af9d700: cdpl_server_ipc.c:857: in _sv_on_finish(): info: worker W1 completed task T45
1698433724.159162: 31155-7f6809f9b700: cdpl_server_sched.c:955: in _assign(): info: assigning task T49 to worker W1
1698433731.121325: 31155-7f680af9d700: cdpl_server_ipc.c:857: in _sv_on_finish(): info: worker W1 completed task T49
1698433731.121355: 31155-7f6809f9b700: cdpl_server_sched.c:955: in _assign(): info: assigning task T50 to worker W1
1698433738.032964: 31155-7f680af9d700: cdpl_server_ipc.c:857: in _sv_on_finish(): info: worker W1 completed task T50
1698433738.033165: 31155-7f6809f9b700: cdpl_server_sched.c:955: in _assign(): info: assigning task T46 to worker W1
1698433744.877246: 31155-7f680af9d700: cdpl_server_ipc.c:857: in _sv_on_finish(): info: worker W1 completed task T46
1698433744.877297: 31155-7f6809f9b700: cdpl_server_sched.c:955: in _assign(): info: assigning task T47 to worker W1
1698433751.826437: 31155-7f680af9d700: cdpl_server_ipc.c:857: in _sv_on_finish(): info: worker W1 completed task T47
1698433751.826472: 31155-7f6809f9b700: cdpl_server_sched.c:955: in _assign(): info: assigning task T48 to worker W1
1698433758.800028: 31155-7f680af9d700: cdpl_server_ipc.c:857: in _sv_on_finish(): info: worker W1 completed task T48
1698433758.800254: 31155-7f6809f9b700: cdpl_server_sched.c:955: in _assign(): info: assigning task T51 to worker W1
1698433765.673281: 31155-7f680af9d700: cdpl_server_ipc.c:857: in _sv_on_finish(): info: worker W1 completed task T51
1698433765.673316: 31155-7f6809f9b700: cdpl_server_sched.c:955: in _assign(): info: assigning task T52 to worker W1
1698433772.788188: 31155-7f680af9d700: cdpl_server_ipc.c:857: in _sv_on_finish(): info: worker W1 completed task T52
1698434056.001009: 31155-7f6822a960c0: cdpl_server.c:1824: in _sv_gen_task(): info: new task T53 in B1 (prio 2)
1698434056.001022: 31155-7f6822a960c0: cdpl_server.c:2558: in cdpl_sv_label_task_va(): info: setting task T53 label to "delay__B__lh__OUT__hl__ACQ_1 of nor3"
1698434056.001052: 31155-7f6809f9b700: cdpl_server_sched.c:955: in _assign(): info: assigning task T53 to worker W1
1698434056.001079: 31155-7f6822a960c0: cdpl_server.c:1824: in _sv_gen_task(): info: new task T54 in B1 (prio 2)
1698434056.001095: 31155-7f6822a960c0: cdpl_server.c:2558: in cdpl_sv_label_task_va(): info: setting task T54 label to "delay__B__hl__OUT__lh__ACQ_1 of nor3"
1698434056.001136: 31155-7f6822a960c0: cdpl_server.c:1824: in _sv_gen_task(): info: new task T55 in B1 (prio 3)
1698434056.001139: 31155-7f6822a960c0: cdpl_server.c:2558: in cdpl_sv_label_task_va(): info: setting task T55 label to "leakage_power__ACQ_1 of nor3"
1698434056.001163: 31155-7f6822a960c0: cdpl_server.c:1824: in _sv_gen_task(): info: new task T56 in B1 (prio 2)
1698434056.001165: 31155-7f6822a960c0: cdpl_server.c:2558: in cdpl_sv_label_task_va(): info: setting task T56 label to "delay__C__lh__OUT__hl__ACQ_1 of nor3"
1698434056.001186: 31155-7f6822a960c0: cdpl_server.c:1824: in _sv_gen_task(): info: new task T57 in B1 (prio 2)
1698434056.001191: 31155-7f6822a960c0: cdpl_server.c:2558: in cdpl_sv_label_task_va(): info: setting task T57 label to "delay__C__hl__OUT__lh__ACQ_1 of nor3"
1698434056.001213: 31155-7f6822a960c0: cdpl_server.c:1824: in _sv_gen_task(): info: new task T58 in B1 (prio 5)
1698434056.001216: 31155-7f6822a960c0: cdpl_server.c:2558: in cdpl_sv_label_task_va(): info: setting task T58 label to "Cin__VSS__lh__ACQ_1 of nor3"
1698434056.001235: 31155-7f6822a960c0: cdpl_server.c:1824: in _sv_gen_task(): info: new task T59 in B1 (prio 5)
1698434056.001238: 31155-7f6822a960c0: cdpl_server.c:2558: in cdpl_sv_label_task_va(): info: setting task T59 label to "Cin__VSS__hl__ACQ_1 of nor3"
1698434056.001258: 31155-7f6822a960c0: cdpl_server.c:1824: in _sv_gen_task(): info: new task T60 in B1 (prio 2)
1698434056.001260: 31155-7f6822a960c0: cdpl_server.c:2558: in cdpl_sv_label_task_va(): info: setting task T60 label to "delay__A__lh__OUT__hl__ACQ_1 of nor3"
1698434056.001280: 31155-7f6822a960c0: cdpl_server.c:1824: in _sv_gen_task(): info: new task T61 in B1 (prio 2)
1698434056.001282: 31155-7f6822a960c0: cdpl_server.c:2558: in cdpl_sv_label_task_va(): info: setting task T61 label to "delay__A__hl__OUT__lh__ACQ_1 of nor3"
1698434056.001301: 31155-7f6822a960c0: cdpl_server.c:1824: in _sv_gen_task(): info: new task T62 in B1 (prio 5)
1698434056.001304: 31155-7f6822a960c0: cdpl_server.c:2558: in cdpl_sv_label_task_va(): info: setting task T62 label to "Cin__VDD__lh__ACQ_1 of nor3"
1698434056.001322: 31155-7f6822a960c0: cdpl_server.c:1824: in _sv_gen_task(): info: new task T63 in B1 (prio 5)
1698434056.001324: 31155-7f6822a960c0: cdpl_server.c:2558: in cdpl_sv_label_task_va(): info: setting task T63 label to "Cin__VDD__hl__ACQ_1 of nor3"
1698434063.142642: 31155-7f680af9d700: cdpl_server_ipc.c:857: in _sv_on_finish(): info: worker W1 completed task T53
1698434063.142940: 31155-7f6809f9b700: cdpl_server_sched.c:955: in _assign(): info: assigning task T54 to worker W1
1698434070.217371: 31155-7f680af9d700: cdpl_server_ipc.c:857: in _sv_on_finish(): info: worker W1 completed task T54
1698434070.217680: 31155-7f6809f9b700: cdpl_server_sched.c:955: in _assign(): info: assigning task T56 to worker W1
1698434077.026969: 31155-7f680af9d700: cdpl_server_ipc.c:857: in _sv_on_finish(): info: worker W1 completed task T56
1698434077.027010: 31155-7f6809f9b700: cdpl_server_sched.c:955: in _assign(): info: assigning task T57 to worker W1
1698434083.773827: 31155-7f680af9d700: cdpl_server_ipc.c:857: in _sv_on_finish(): info: worker W1 completed task T57
1698434083.774075: 31155-7f6809f9b700: cdpl_server_sched.c:955: in _assign(): info: assigning task T60 to worker W1
1698434090.878946: 31155-7f680af9d700: cdpl_server_ipc.c:857: in _sv_on_finish(): info: worker W1 completed task T60
1698434090.879001: 31155-7f6809f9b700: cdpl_server_sched.c:955: in _assign(): info: assigning task T61 to worker W1
1698434097.860821: 31155-7f680af9d700: cdpl_server_ipc.c:857: in _sv_on_finish(): info: worker W1 completed task T61
1698434097.861066: 31155-7f6809f9b700: cdpl_server_sched.c:955: in _assign(): info: assigning task T55 to worker W1
1698434104.686545: 31155-7f680af9d700: cdpl_server_ipc.c:857: in _sv_on_finish(): info: worker W1 completed task T55
1698434104.686885: 31155-7f6809f9b700: cdpl_server_sched.c:955: in _assign(): info: assigning task T58 to worker W1
1698434111.622197: 31155-7f680af9d700: cdpl_server_ipc.c:857: in _sv_on_finish(): info: worker W1 completed task T58
1698434111.622234: 31155-7f6809f9b700: cdpl_server_sched.c:955: in _assign(): info: assigning task T59 to worker W1
1698434118.545737: 31155-7f680af9d700: cdpl_server_ipc.c:857: in _sv_on_finish(): info: worker W1 completed task T59
1698434118.545959: 31155-7f6809f9b700: cdpl_server_sched.c:955: in _assign(): info: assigning task T62 to worker W1
1698434125.523461: 31155-7f680af9d700: cdpl_server_ipc.c:857: in _sv_on_finish(): info: worker W1 completed task T62
1698434125.523701: 31155-7f6809f9b700: cdpl_server_sched.c:955: in _assign(): info: assigning task T63 to worker W1
1698434132.494009: 31155-7f680af9d700: cdpl_server_ipc.c:857: in _sv_on_finish(): info: worker W1 completed task T63
1698434733.543215: 31155-7f680b79e700: cdpl_ipc.c:738: in _readv(): warning: read(): EOF
1698435222.766943: 31155-7f6822a960c0: cdpl_compat_master.c:5152: in cdplMasterLogInfo(): info: [non-CDPL log entry] Ending current CDPL job
1698435222.767242: 31155-7f6822a960c0: cdpl_server.c:2890: in cdpl_sv_halt_job_errno(): info: stopping job J1
1698435222.767297: 31155-7f6822a960c0: cdpl_server.c:2875: in cdpl_sv_halt_job_errno(): info: killing job J1
1698435222.767308: 31155-7f6822a960c0: cdpl_server.c:288: in _sv_free_job(): info: freeing job J1
1698435222.767492: 31155-7f6822a960c0: cdpl_farm.c:2395: in cdpl_farm_free(): info: freeing farm
1698435222.767572: 31155-7f6822a960c0: cdpl_server.c:3011: in cdpl_sv_free(): info: freeing server S206077350
1698435222.767575: 31155-7f6822a960c0: cdpl_server.c:2976: in cdpl_sv_kill_errno(): info: killing server
1698435222.767643: 31155-7f6822a960c0: cdpl_server.c:328: in _sv_free_master(): info: freeing master M1
1698435222.767737: 31155-7f6822a960c0: cdpl_log.c:371: in cdpl_log_close(): info: @@end_of_log@@
