1698429299.835731: 31155-7f6822a960c0: cdpl_log.c:228: in cdpl_log_open(): info: @@start_of_log@@
1698429299.835756: 31155-7f6822a960c0: cdpl_log.c:866: in cdpl_log_dump_sysinfo(): info: time: 2023/10/27 12:54:59 CDT -0500
1698429299.835761: 31155-7f6822a960c0: cdpl_log.c:868: in cdpl_log_dump_sysinfo(): info: version: T-2022.03 
1698429299.835763: 31155-7f6822a960c0: cdpl_log.c:870: in cdpl_log_dump_sysinfo(): info: system: Linux 3.10.0-1160.95.1.el7.x86_64 #1 SMP Fri Jun 23 08:44:55 EDT 2023
1698429299.835764: 31155-7f6822a960c0: cdpl_log.c:875: in cdpl_log_dump_sysinfo(): info: processor: x86_64 64-bits
1698429299.835766: 31155-7f6822a960c0: cdpl_log.c:879: in cdpl_log_dump_sysinfo(): info: hostname: engnx05a.utdallas.edu
1698429299.835768: 31155-7f6822a960c0: cdpl_log.c:230: in cdpl_log_open(): debug: path: /home/012/k/kt/ktd170030/cad/gf65/primelib_gf65/nand2/runtime/cdpl/pid31155/master.engnx05a.utdallas.edu.31155.log
1698429299.835770: 31155-7f6822a960c0: cdpl_log.c:231: in cdpl_log_open(): debug: dir: /home/012/k/kt/ktd170030/cad/gf65/primelib_gf65/nand2/runtime/cdpl/pid31155
1698429299.835775: 31155-7f6822a960c0: cdpl_log.c:758: in cdpl_log_set_filter(): info: filter level 1
1698429299.835791: 31155-7f6822a960c0: cdpl_server.c:543: in cdpl_sv_init(): info: new server S1567842814
1698429299.835800: 31155-7f6822a960c0: cdpl_ipc.c:3030: in cdpl_ipc_init(): info: requesting IPv4 protocol
1698429299.837006: 31155-7f6822a960c0: cdpl_ipc.c:800: in _selectaddrfamily(): info: selected IPv4 protocol
1698429299.837357: 31155-7f6822a960c0: cdpl_server.c:657: in cdpl_sv_new_master(): info: new master M1
1698429299.837374: 31155-7f6822a960c0: cdpl_server.c:5494: in cdpl_sv_ctl_master(): info: Setting worker heartbeat to 60 seconds
1698429299.837376: 31155-7f6822a960c0: cdpl_server.c:5503: in cdpl_sv_ctl_master(): info: Setting worker heartbeat timeout to 3 heartbeats
1698429299.837379: 31155-7f6822a960c0: cdpl_compat_master.c:2407: in cdplInitMaster(): info: bcast dir is `/dev/null'
1698429299.837441: 31155-7f6822a960c0: cdpl_server.c:5394: in cdpl_sv_ctl_master(): info: farm worker timeout set to 36000
1698429299.837443: 31155-7f6822a960c0: cdpl_server.c:5410: in cdpl_sv_ctl_master(): info: grid worker timeout set to 36000
1698429299.837445: 31155-7f6822a960c0: cdpl_server.c:5438: in cdpl_sv_ctl_master(): info: farm submit command failure threshold set to 100
1698429299.837476: 31155-7f6822a960c0: cdpl_farm.c:2268: in cdpl_farm_new_sh(): info: creating SH farm on localhost
1698429299.837488: 31155-7f6822a960c0: cdpl_compat_master.c:207: in _set_farm_env(): info: exporting CDPL_LOGDIR as `/home/012/k/kt/ktd170030/cad/gf65/primelib_gf65/nand2/runtime/cdpl/pid31155'
1698429299.837491: 31155-7f6822a960c0: cdpl_compat_master.c:213: in _set_farm_env(): info: exporting CDPL_TMPDIR as `/var/tmp'
1698429299.837493: 31155-7f6822a960c0: cdpl_compat_master.c:220: in _set_farm_env(): info: exporting CDPL_HOME as `/proj/cad/synopsys/synopsys_2021/primelib/T-2022.03-SP1/cdpl_runtime_linux64'
1698429299.837496: 31155-7f6822a960c0: cdpl_compat_master.c:227: in _set_farm_env(): info: exporting SNPSLMD_LICENSE_FILE as `1700@engdmv.utdallas.edu'
1698429299.837498: 31155-7f6822a960c0: cdpl_compat_master.c:247: in _set_farm_env(): info: exporting CDPL_OPTIONS as `[filter][nowlogs]'
1698429299.837500: 31155-7f6822a960c0: cdpl_compat_master.c:254: in _set_farm_env(): info: exporting DISPLAY as `:1016'
1698429299.837502: 31155-7f6822a960c0: cdpl_compat_master.c:262: in _set_farm_env(): info: exporting CDPL_HEARTBEAT as `60'
1698429299.837505: 31155-7f6822a960c0: cdpl_compat_master.c:348: in _set_farm_env(): info: exporting SIS_MALIBU as `2'
1698429299.837506: 31155-7f6822a960c0: cdpl_compat_master.c:348: in _set_farm_env(): info: exporting SIS_CDPL as `5'
1698429299.890027: 31155-7f6822a960c0: cdpl_server.c:738: in cdpl_sv_new_job(): info: new job J1 in M1
1698429299.890058: 31155-7f6822a960c0: cdpl_compat_master.c:1314: in _add_worker(): info: new worker type 100, min:1, max:1, cmd:`/home/012/k/kt/ktd170030/cad/gf65/primelib_gf65/nand2/runtime/cdpl/pid31155/run_31155.sh'
1698429299.890074: 31155-7f6822a960c0: cdpl_server.c:900: in cdpl_sv_new_bin_withfarm(): info: new bin B1 in J1
1698429299.895808: 31155-7f6822a960c0: cdpl_server.c:3116: in cdpl_sv_start_job(): info: starting job J1
1698429299.907357: 31155-7f6822a960c0: cdpl_server.c:1824: in _sv_gen_task(): info: new task T0 in B1 (prio 2)
1698429299.907381: 31155-7f6822a960c0: cdpl_server.c:2558: in cdpl_sv_label_task_va(): info: setting task T0 label to "delay__B__lh__OUT__hl__ACQ_1 of nand2"
1698429299.907463: 31155-7f6822a960c0: cdpl_server.c:1824: in _sv_gen_task(): info: new task T1 in B1 (prio 2)
1698429299.907516: 31155-7f680a79c700: cdpl_server_sched.c:700: in _sv_launch_worker(): info: started worker W1 (as C1) in bin B1
1698429299.907539: 31155-7f6822a960c0: cdpl_server.c:2558: in cdpl_sv_label_task_va(): info: setting task T1 label to "delay__B__hl__OUT__lh__ACQ_1 of nand2"
1698429299.907551: 31155-7f6809f9b700: cdpl_farm.c:1899: in _schedule(): info: worker submit failure threshold set to 100
1698429299.907572: 31155-7f6809f9b700: cdpl_sh.c:49: in _sh_detached_submit(): info: SH : /home/012/k/kt/ktd170030/cad/gf65/primelib_gf65/nand2/runtime/cdpl/pid31155/run_31155.sh
1698429299.907583: 31155-7f6822a960c0: cdpl_server.c:1824: in _sv_gen_task(): info: new task T2 in B1 (prio 3)
1698429299.907587: 31155-7f6822a960c0: cdpl_server.c:2558: in cdpl_sv_label_task_va(): info: setting task T2 label to "leakage_power__ACQ_1 of nand2"
1698429299.910860: 31155-7f6822a960c0: cdpl_server.c:1824: in _sv_gen_task(): info: new task T3 in B1 (prio 5)
1698429299.910890: 31155-7f6822a960c0: cdpl_server.c:2558: in cdpl_sv_label_task_va(): info: setting task T3 label to "Cin__VSS__lh__ACQ_1 of nand2"
1698429299.910959: 31155-7f6822a960c0: cdpl_server.c:1824: in _sv_gen_task(): info: new task T4 in B1 (prio 5)
1698429299.910961: 31155-7f6822a960c0: cdpl_server.c:2558: in cdpl_sv_label_task_va(): info: setting task T4 label to "Cin__VSS__hl__ACQ_1 of nand2"
1698429299.911020: 31155-7f6822a960c0: cdpl_server.c:1824: in _sv_gen_task(): info: new task T5 in B1 (prio 2)
1698429299.911023: 31155-7f6822a960c0: cdpl_server.c:2558: in cdpl_sv_label_task_va(): info: setting task T5 label to "delay__A__lh__OUT__hl__ACQ_1 of nand2"
1698429299.911062: 31155-7f6822a960c0: cdpl_server.c:1824: in _sv_gen_task(): info: new task T6 in B1 (prio 2)
1698429299.911064: 31155-7f6822a960c0: cdpl_server.c:2558: in cdpl_sv_label_task_va(): info: setting task T6 label to "delay__A__hl__OUT__lh__ACQ_1 of nand2"
1698429299.911096: 31155-7f6822a960c0: cdpl_server.c:1824: in _sv_gen_task(): info: new task T7 in B1 (prio 5)
1698429299.911099: 31155-7f6822a960c0: cdpl_server.c:2558: in cdpl_sv_label_task_va(): info: setting task T7 label to "Cin__VDD__lh__ACQ_1 of nand2"
1698429299.911127: 31155-7f6822a960c0: cdpl_server.c:1824: in _sv_gen_task(): info: new task T8 in B1 (prio 5)
1698429299.911129: 31155-7f6822a960c0: cdpl_server.c:2558: in cdpl_sv_label_task_va(): info: setting task T8 label to "Cin__VDD__hl__ACQ_1 of nand2"
1698429300.610765: 31155-7f680af9d700: cdpl_server_ipc.c:452: in _sv_on_hello(): info: W1 is `10.182.66.70:42084'
1698429300.610789: 31155-7f680af9d700: cdpl_server_ipc.c:454: in _sv_on_hello(): info: W1 log file is /dev/null
1698429300.610799: 31155-7f680af9d700: cdpl_server_ipc.c:481: in _sv_on_hello(): info: up to 1 alive workers in B1
1698429300.610887: 31155-7f680a79c700: cdpl_server_sched.c:955: in _assign(): info: assigning task T0 to worker W1
1698429307.878197: 31155-7f680af9d700: cdpl_server_ipc.c:857: in _sv_on_finish(): info: worker W1 completed task T0
1698429307.878512: 31155-7f680a79c700: cdpl_server_sched.c:955: in _assign(): info: assigning task T1 to worker W1
1698429314.894258: 31155-7f680af9d700: cdpl_server_ipc.c:857: in _sv_on_finish(): info: worker W1 completed task T1
1698429314.894602: 31155-7f680a79c700: cdpl_server_sched.c:955: in _assign(): info: assigning task T5 to worker W1
1698429321.723036: 31155-7f680af9d700: cdpl_server_ipc.c:857: in _sv_on_finish(): info: worker W1 completed task T5
1698429321.723089: 31155-7f680a79c700: cdpl_server_sched.c:955: in _assign(): info: assigning task T6 to worker W1
1698429328.332109: 31155-7f680af9d700: cdpl_server_ipc.c:857: in _sv_on_finish(): info: worker W1 completed task T6
1698429328.332302: 31155-7f680a79c700: cdpl_server_sched.c:955: in _assign(): info: assigning task T2 to worker W1
1698429335.079291: 31155-7f680af9d700: cdpl_server_ipc.c:857: in _sv_on_finish(): info: worker W1 completed task T2
1698429335.079589: 31155-7f680a79c700: cdpl_server_sched.c:955: in _assign(): info: assigning task T3 to worker W1
1698429341.684097: 31155-7f680af9d700: cdpl_server_ipc.c:857: in _sv_on_finish(): info: worker W1 completed task T3
1698429341.684358: 31155-7f680a79c700: cdpl_server_sched.c:955: in _assign(): info: assigning task T4 to worker W1
1698429348.335477: 31155-7f680af9d700: cdpl_server_ipc.c:857: in _sv_on_finish(): info: worker W1 completed task T4
1698429348.335537: 31155-7f680a79c700: cdpl_server_sched.c:955: in _assign(): info: assigning task T7 to worker W1
1698429355.152518: 31155-7f680af9d700: cdpl_server_ipc.c:857: in _sv_on_finish(): info: worker W1 completed task T7
1698429355.152736: 31155-7f680a79c700: cdpl_server_sched.c:955: in _assign(): info: assigning task T8 to worker W1
1698429362.077134: 31155-7f680af9d700: cdpl_server_ipc.c:857: in _sv_on_finish(): info: worker W1 completed task T8
1698429963.131970: 31155-7f680b79e700: cdpl_ipc.c:738: in _readv(): warning: read(): EOF
1698431740.998278: 31155-7f6822a960c0: cdpl_compat_master.c:5152: in cdplMasterLogInfo(): info: [non-CDPL log entry] Ending current CDPL job
1698431740.998460: 31155-7f6822a960c0: cdpl_server.c:2890: in cdpl_sv_halt_job_errno(): info: stopping job J1
1698431740.998507: 31155-7f6822a960c0: cdpl_server.c:2875: in cdpl_sv_halt_job_errno(): info: killing job J1
1698431740.998512: 31155-7f6822a960c0: cdpl_server.c:288: in _sv_free_job(): info: freeing job J1
1698431740.998568: 31155-7f6822a960c0: cdpl_farm.c:2395: in cdpl_farm_free(): info: freeing farm
1698431740.998740: 31155-7f6822a960c0: cdpl_server.c:3011: in cdpl_sv_free(): info: freeing server S1567842814
1698431740.998742: 31155-7f6822a960c0: cdpl_server.c:2976: in cdpl_sv_kill_errno(): info: killing server
1698431740.998792: 31155-7f6822a960c0: cdpl_server.c:328: in _sv_free_master(): info: freeing master M1
1698431740.998833: 31155-7f6822a960c0: cdpl_log.c:371: in cdpl_log_close(): info: @@end_of_log@@
